2019-02-01 16:29:08,352 [INFO] [main] com.whzl.ApiApplication [StartupInfoLogger.java : 50] Starting ApiApplication on SKY-20161120QZC with PID 15468 (started by Administrator in F:\框架备份\20190130\whzlSecurity\whzlApi)
2019-02-01 16:29:08,352 [DEBUG] [main] com.whzl.ApiApplication [StartupInfoLogger.java : 53] Running with Spring Boot v2.0.0.RELEASE, Spring v5.0.4.RELEASE
2019-02-01 16:29:08,352 [INFO] [main] com.whzl.ApiApplication [SpringApplication.java : 656] The following profiles are active: dev
2019-02-01 16:29:08,414 [INFO] [main] o.s.b.w.s.c.AnnotationConfigServletWebServerApplicationContext [AbstractApplicationContext.java : 589] Refreshing org.springframework.boot.web.servlet.context.AnnotationConfigServletWebServerApplicationContext@1a4927d6: startup date [Fri Feb 01 16:29:08 CST 2019]; root of context hierarchy
2019-02-01 16:29:10,048 [INFO] [main] o.s.data.repository.config.RepositoryConfigurationDelegate [RepositoryConfigurationDelegate.java : 163] Multiple Spring Data modules found, entering strict repository configuration mode!
2019-02-01 16:29:10,614 [INFO] [main] o.s.c.s.PostProcessorRegistrationDelegate$BeanPostProcessorChecker [PostProcessorRegistrationDelegate.java : 328] Bean 'org.springframework.transaction.annotation.ProxyTransactionManagementConfiguration' of type [org.springframework.transaction.annotation.ProxyTransactionManagementConfiguration$$EnhancerBySpringCGLIB$$279bbd62] is not eligible for getting processed by all BeanPostProcessors (for example: not eligible for auto-proxying)
2019-02-01 16:29:11,645 [INFO] [main] org.springframework.boot.web.embedded.tomcat.TomcatWebServer [TomcatWebServer.java : 91] Tomcat initialized with port(s): 8080 (http)
2019-02-01 16:29:11,692 [INFO] [main] org.apache.catalina.core.StandardService [DirectJDKLog.java : 180] Starting service [Tomcat]
2019-02-01 16:29:11,692 [INFO] [main] org.apache.catalina.core.StandardEngine [DirectJDKLog.java : 180] Starting Servlet Engine: Apache Tomcat/8.5.28
2019-02-01 16:29:11,692 [INFO] [localhost-startStop-1] org.apache.catalina.core.AprLifecycleListener [DirectJDKLog.java : 180] Loaded APR based Apache Tomcat Native library [1.2.19] using APR version [1.6.5].
2019-02-01 16:29:11,692 [INFO] [localhost-startStop-1] org.apache.catalina.core.AprLifecycleListener [DirectJDKLog.java : 180] APR capabilities: IPv6 [true], sendfile [true], accept filters [false], random [true].
2019-02-01 16:29:11,692 [INFO] [localhost-startStop-1] org.apache.catalina.core.AprLifecycleListener [DirectJDKLog.java : 180] APR/OpenSSL configuration: useAprConnector [false], useOpenSSL [true]
2019-02-01 16:29:11,708 [INFO] [localhost-startStop-1] org.apache.catalina.core.AprLifecycleListener [DirectJDKLog.java : 180] OpenSSL successfully initialized [OpenSSL 1.1.1a  20 Nov 2018]
2019-02-01 16:29:11,873 [INFO] [localhost-startStop-1] o.a.c.core.ContainerBase.[Tomcat].[localhost].[/whzlApi] [DirectJDKLog.java : 180] Initializing Spring embedded WebApplicationContext
2019-02-01 16:29:11,873 [INFO] [localhost-startStop-1] org.springframework.web.context.ContextLoader [ServletWebServerApplicationContext.java : 285] Root WebApplicationContext: initialization completed in 3459 ms
2019-02-01 16:29:12,138 [INFO] [localhost-startStop-1] org.springframework.boot.web.servlet.FilterRegistrationBean [AbstractFilterRegistrationBean.java : 243] Mapping filter: 'characterEncodingFilter' to: [/*]
2019-02-01 16:29:12,138 [INFO] [localhost-startStop-1] org.springframework.boot.web.servlet.FilterRegistrationBean [AbstractFilterRegistrationBean.java : 243] Mapping filter: 'hiddenHttpMethodFilter' to: [/*]
2019-02-01 16:29:12,138 [INFO] [localhost-startStop-1] org.springframework.boot.web.servlet.FilterRegistrationBean [AbstractFilterRegistrationBean.java : 243] Mapping filter: 'httpPutFormContentFilter' to: [/*]
2019-02-01 16:29:12,138 [INFO] [localhost-startStop-1] org.springframework.boot.web.servlet.FilterRegistrationBean [AbstractFilterRegistrationBean.java : 243] Mapping filter: 'requestContextFilter' to: [/*]
2019-02-01 16:29:12,138 [INFO] [localhost-startStop-1] org.springframework.boot.web.servlet.FilterRegistrationBean [AbstractFilterRegistrationBean.java : 256] Mapping filter: 'xssFilter' to urls: [/*]
2019-02-01 16:29:12,138 [INFO] [localhost-startStop-1] org.springframework.boot.web.servlet.FilterRegistrationBean [AbstractFilterRegistrationBean.java : 256] Mapping filter: 'webStatFilter' to urls: [/*]
2019-02-01 16:29:12,138 [INFO] [localhost-startStop-1] org.springframework.boot.web.servlet.ServletRegistrationBean [ServletRegistrationBean.java : 185] Servlet dispatcherServlet mapped to [/]
2019-02-01 16:29:12,138 [INFO] [localhost-startStop-1] org.springframework.boot.web.servlet.ServletRegistrationBean [ServletRegistrationBean.java : 185] Servlet statViewServlet mapped to [/druid/*]
2019-02-01 16:29:12,372 [INFO] [main] c.a.d.spring.boot.autoconfigure.DruidDataSourceAutoConfigure [DruidDataSourceAutoConfigure.java : 56] Init DruidDataSource
2019-02-01 16:29:12,857 [INFO] [main] com.alibaba.druid.pool.DruidDataSource [DruidDataSource.java : 928] {dataSource-1} inited
2019-02-01 16:29:14,056 [INFO] [main] o.s.w.s.mvc.method.annotation.RequestMappingHandlerMapping [AbstractHandlerMethodMapping.java : 548] Mapped "{[/api/logout],methods=[POST]}" onto public com.whzl.common.utils.R com.whzl.controller.ApiLoginController.logout(long)
2019-02-01 16:29:14,076 [INFO] [main] o.s.w.s.mvc.method.annotation.RequestMappingHandlerMapping [AbstractHandlerMethodMapping.java : 548] Mapped "{[/api/login],methods=[POST]}" onto public com.whzl.common.utils.R com.whzl.controller.ApiLoginController.login(com.whzl.form.LoginForm)
2019-02-01 16:29:14,078 [INFO] [main] o.s.w.s.mvc.method.annotation.RequestMappingHandlerMapping [AbstractHandlerMethodMapping.java : 548] Mapped "{[/api/register],methods=[POST]}" onto public com.whzl.common.utils.R com.whzl.controller.ApiRegisterController.register(com.whzl.form.RegisterForm)
2019-02-01 16:29:14,080 [INFO] [main] o.s.w.s.mvc.method.annotation.RequestMappingHandlerMapping [AbstractHandlerMethodMapping.java : 548] Mapped "{[/api/userId],methods=[GET]}" onto public com.whzl.common.utils.R com.whzl.controller.ApiTestController.userInfo(java.lang.Integer)
2019-02-01 16:29:14,081 [INFO] [main] o.s.w.s.mvc.method.annotation.RequestMappingHandlerMapping [AbstractHandlerMethodMapping.java : 548] Mapped "{[/api/userInfo],methods=[GET]}" onto public com.whzl.common.utils.R com.whzl.controller.ApiTestController.userInfo(com.whzl.entity.UserEntity)
2019-02-01 16:29:14,081 [INFO] [main] o.s.w.s.mvc.method.annotation.RequestMappingHandlerMapping [AbstractHandlerMethodMapping.java : 548] Mapped "{[/api/notToken],methods=[GET]}" onto public com.whzl.common.utils.R com.whzl.controller.ApiTestController.notToken()
2019-02-01 16:29:14,085 [INFO] [main] o.s.w.s.mvc.method.annotation.RequestMappingHandlerMapping [AbstractHandlerMethodMapping.java : 548] Mapped "{[/swagger-resources/configuration/ui]}" onto public org.springframework.http.ResponseEntity<springfox.documentation.swagger.web.UiConfiguration> springfox.documentation.swagger.web.ApiResourceController.uiConfiguration()
2019-02-01 16:29:14,086 [INFO] [main] o.s.w.s.mvc.method.annotation.RequestMappingHandlerMapping [AbstractHandlerMethodMapping.java : 548] Mapped "{[/swagger-resources]}" onto public org.springframework.http.ResponseEntity<java.util.List<springfox.documentation.swagger.web.SwaggerResource>> springfox.documentation.swagger.web.ApiResourceController.swaggerResources()
2019-02-01 16:29:14,087 [INFO] [main] o.s.w.s.mvc.method.annotation.RequestMappingHandlerMapping [AbstractHandlerMethodMapping.java : 548] Mapped "{[/swagger-resources/configuration/security]}" onto public org.springframework.http.ResponseEntity<springfox.documentation.swagger.web.SecurityConfiguration> springfox.documentation.swagger.web.ApiResourceController.securityConfiguration()
2019-02-01 16:29:14,087 [INFO] [main] o.s.w.s.mvc.method.annotation.RequestMappingHandlerMapping [AbstractHandlerMethodMapping.java : 548] Mapped "{[/error]}" onto public org.springframework.http.ResponseEntity<java.util.Map<java.lang.String, java.lang.Object>> org.springframework.boot.autoconfigure.web.servlet.error.BasicErrorController.error(javax.servlet.http.HttpServletRequest)
2019-02-01 16:29:14,087 [INFO] [main] o.s.w.s.mvc.method.annotation.RequestMappingHandlerMapping [AbstractHandlerMethodMapping.java : 548] Mapped "{[/error],produces=[text/html]}" onto public org.springframework.web.servlet.ModelAndView org.springframework.boot.autoconfigure.web.servlet.error.BasicErrorController.errorHtml(javax.servlet.http.HttpServletRequest,javax.servlet.http.HttpServletResponse)
2019-02-01 16:29:14,306 [INFO] [main] s.d.spring.web.PropertySourcedRequestMappingHandlerMapping [PropertySourcedRequestMappingHandlerMapping.java : 69] Mapped URL path [/v2/api-docs] onto method [public org.springframework.http.ResponseEntity<springfox.documentation.spring.web.json.Json> springfox.documentation.swagger2.web.Swagger2Controller.getDocumentation(java.lang.String,javax.servlet.http.HttpServletRequest)]
2019-02-01 16:29:14,760 [INFO] [main] o.s.w.s.mvc.method.annotation.RequestMappingHandlerAdapter [RequestMappingHandlerAdapter.java : 567] Looking for @ControllerAdvice: org.springframework.boot.web.servlet.context.AnnotationConfigServletWebServerApplicationContext@1a4927d6: startup date [Fri Feb 01 16:29:08 CST 2019]; root of context hierarchy
2019-02-01 16:29:14,862 [INFO] [main] o.s.web.servlet.handler.SimpleUrlHandlerMapping [AbstractUrlHandlerMapping.java : 373] Mapped URL path [/webjars/**] onto handler of type [class org.springframework.web.servlet.resource.ResourceHttpRequestHandler]
2019-02-01 16:29:14,862 [INFO] [main] o.s.web.servlet.handler.SimpleUrlHandlerMapping [AbstractUrlHandlerMapping.java : 373] Mapped URL path [/**] onto handler of type [class org.springframework.web.servlet.resource.ResourceHttpRequestHandler]
2019-02-01 16:29:14,878 [INFO] [main] o.s.w.s.m.m.annotation.ExceptionHandlerExceptionResolver [ExceptionHandlerExceptionResolver.java : 289] Detected @ExceptionHandler methods in RRExceptionHandler
2019-02-01 16:29:14,909 [INFO] [main] o.s.web.servlet.handler.SimpleUrlHandlerMapping [AbstractUrlHandlerMapping.java : 373] Mapped URL path [/**/favicon.ico] onto handler of type [class org.springframework.web.servlet.resource.ResourceHttpRequestHandler]
2019-02-01 16:29:15,221 [INFO] [main] org.springframework.ui.freemarker.SpringTemplateLoader [SpringTemplateLoader.java : 62] SpringTemplateLoader for FreeMarker: using resource loader [org.springframework.boot.web.servlet.context.AnnotationConfigServletWebServerApplicationContext@1a4927d6: startup date [Fri Feb 01 16:29:08 CST 2019]; root of context hierarchy] and template loader path [classpath:/templates/]
2019-02-01 16:29:15,237 [INFO] [main] o.s.web.servlet.view.freemarker.FreeMarkerConfigurer [FreeMarkerConfigurer.java : 131] ClassTemplateLoader for Spring macros added to FreeMarker configuration
2019-02-01 16:29:15,411 [INFO] [main] o.s.jmx.export.annotation.AnnotationMBeanExporter [MBeanExporter.java : 434] Registering beans for JMX exposure on startup
2019-02-01 16:29:15,426 [INFO] [main] o.s.jmx.export.annotation.AnnotationMBeanExporter [MBeanExporter.java : 896] Bean with name 'statFilter' has been autodetected for JMX exposure
2019-02-01 16:29:15,426 [INFO] [main] o.s.jmx.export.annotation.AnnotationMBeanExporter [MBeanExporter.java : 896] Bean with name 'dataSource' has been autodetected for JMX exposure
2019-02-01 16:29:15,426 [INFO] [main] o.s.jmx.export.annotation.AnnotationMBeanExporter [MBeanExporter.java : 669] Located MBean 'dataSource': registering with JMX server as MBean [com.alibaba.druid.spring.boot.autoconfigure:name=dataSource,type=DruidDataSourceWrapper]
2019-02-01 16:29:15,426 [INFO] [main] o.s.jmx.export.annotation.AnnotationMBeanExporter [MBeanExporter.java : 669] Located MBean 'statFilter': registering with JMX server as MBean [com.alibaba.druid.filter.stat:name=statFilter,type=StatFilter]
2019-02-01 16:29:15,442 [INFO] [main] o.springframework.context.support.DefaultLifecycleProcessor [DefaultLifecycleProcessor.java : 351] Starting beans in phase 2147483647
2019-02-01 16:29:15,442 [INFO] [main] s.d.spring.web.plugins.DocumentationPluginsBootstrapper [DocumentationPluginsBootstrapper.java : 151] Context refreshed
2019-02-01 16:29:15,458 [INFO] [main] s.d.spring.web.plugins.DocumentationPluginsBootstrapper [DocumentationPluginsBootstrapper.java : 154] Found 1 custom documentation plugin(s)
2019-02-01 16:29:15,504 [INFO] [main] s.d.spring.web.scanners.ApiListingReferenceScanner [ApiListingReferenceScanner.java : 41] Scanning for api listing references
2019-02-01 16:29:15,676 [INFO] [main] s.d.s.web.readers.operation.CachingOperationNameGenerator [CachingOperationNameGenerator.java : 40] Generating unique operation named: userInfoUsingGET_1
2019-02-01 16:29:16,020 [INFO] [main] org.springframework.boot.web.embedded.tomcat.TomcatWebServer [TomcatWebServer.java : 205] Tomcat started on port(s): 8080 (http) with context path '/whzlApi'
2019-02-01 16:29:16,020 [INFO] [main] com.whzl.ApiApplication [StartupInfoLogger.java : 59] Started ApiApplication in 8.479 seconds (JVM running for 9.19)
2019-02-01 16:34:11,141 [INFO] [http-nio-8080-exec-2] o.a.c.core.ContainerBase.[Tomcat].[localhost].[/whzlApi] [DirectJDKLog.java : 180] Initializing Spring FrameworkServlet 'dispatcherServlet'
2019-02-01 16:34:11,142 [INFO] [http-nio-8080-exec-2] org.springframework.web.servlet.DispatcherServlet [FrameworkServlet.java : 494] FrameworkServlet 'dispatcherServlet': initialization started
2019-02-01 16:34:11,170 [INFO] [http-nio-8080-exec-2] org.springframework.web.servlet.DispatcherServlet [FrameworkServlet.java : 513] FrameworkServlet 'dispatcherServlet': initialization completed in 28 ms
2019-02-01 16:34:52,073 [DEBUG] [http-nio-8080-exec-28] com.whzl.dao.UserDao.selectOne [BaseJdbcLogger.java : 159] ==>  Preparing: SELECT user_id AS userId,username,mobile,`password`,create_time AS createTime FROM tb_user WHERE mobile=? 
2019-02-01 16:34:52,255 [DEBUG] [http-nio-8080-exec-28] com.whzl.dao.UserDao.selectOne [BaseJdbcLogger.java : 159] ==> Parameters: admin(String)
2019-02-01 16:34:52,276 [DEBUG] [http-nio-8080-exec-28] com.whzl.dao.UserDao.selectOne [BaseJdbcLogger.java : 159] <==      Total: 0
2019-02-01 16:35:26,142 [DEBUG] [http-nio-8080-exec-27] com.whzl.dao.UserDao.selectOne [BaseJdbcLogger.java : 159] ==>  Preparing: SELECT user_id AS userId,username,mobile,`password`,create_time AS createTime FROM tb_user WHERE mobile=? 
2019-02-01 16:35:26,143 [DEBUG] [http-nio-8080-exec-27] com.whzl.dao.UserDao.selectOne [BaseJdbcLogger.java : 159] ==> Parameters: admin(String)
2019-02-01 16:35:26,146 [DEBUG] [http-nio-8080-exec-27] com.whzl.dao.UserDao.selectOne [BaseJdbcLogger.java : 159] <==      Total: 0
2019-02-01 16:35:31,398 [DEBUG] [http-nio-8080-exec-25] com.whzl.dao.UserDao.selectOne [BaseJdbcLogger.java : 159] ==>  Preparing: SELECT user_id AS userId,username,mobile,`password`,create_time AS createTime FROM tb_user WHERE mobile=? 
2019-02-01 16:35:31,399 [DEBUG] [http-nio-8080-exec-25] com.whzl.dao.UserDao.selectOne [BaseJdbcLogger.java : 159] ==> Parameters: admin(String)
2019-02-01 16:35:31,400 [DEBUG] [http-nio-8080-exec-25] com.whzl.dao.UserDao.selectOne [BaseJdbcLogger.java : 159] <==      Total: 0
2019-02-01 16:37:03,486 [DEBUG] [http-nio-8080-exec-21] com.whzl.dao.UserDao.selectOne [BaseJdbcLogger.java : 159] ==>  Preparing: SELECT user_id AS userId,username,mobile,`password`,create_time AS createTime FROM tb_user WHERE mobile=? 
2019-02-01 16:37:03,487 [DEBUG] [http-nio-8080-exec-21] com.whzl.dao.UserDao.selectOne [BaseJdbcLogger.java : 159] ==> Parameters: 13612345678(String)
2019-02-01 16:37:03,495 [DEBUG] [http-nio-8080-exec-21] com.whzl.dao.UserDao.selectOne [BaseJdbcLogger.java : 159] <==      Total: 1
2019-02-01 16:37:26,808 [DEBUG] [http-nio-8080-exec-23] com.whzl.dao.UserDao.selectOne [BaseJdbcLogger.java : 159] ==>  Preparing: SELECT user_id AS userId,username,mobile,`password`,create_time AS createTime FROM tb_user WHERE mobile=? 
2019-02-01 16:37:26,808 [DEBUG] [http-nio-8080-exec-23] com.whzl.dao.UserDao.selectOne [BaseJdbcLogger.java : 159] ==> Parameters: 13612345678(String)
2019-02-01 16:37:26,811 [DEBUG] [http-nio-8080-exec-23] com.whzl.dao.UserDao.selectOne [BaseJdbcLogger.java : 159] <==      Total: 1
2019-02-01 16:37:26,848 [DEBUG] [http-nio-8080-exec-23] com.whzl.dao.TokenDao.updateById [BaseJdbcLogger.java : 159] ==>  Preparing: UPDATE tb_token SET token=?, expire_time=?, update_time=? WHERE user_id=? 
2019-02-01 16:37:26,855 [DEBUG] [http-nio-8080-exec-23] com.whzl.dao.TokenDao.updateById [BaseJdbcLogger.java : 159] ==> Parameters: 7cb0fa2778a94a98b78268d7972d5c10(String), 2019-02-02 04:37:26.829(Timestamp), 2019-02-01 16:37:26.829(Timestamp), 1(Long)
2019-02-01 16:37:26,856 [DEBUG] [http-nio-8080-exec-23] com.whzl.dao.TokenDao.updateById [BaseJdbcLogger.java : 159] <==    Updates: 0
2019-02-01 16:37:26,860 [DEBUG] [http-nio-8080-exec-23] com.whzl.dao.TokenDao.insert [BaseJdbcLogger.java : 159] ==>  Preparing: INSERT INTO tb_token ( user_id, token, expire_time, update_time ) VALUES ( ?, ?, ?, ? ) 
2019-02-01 16:37:26,910 [DEBUG] [http-nio-8080-exec-23] com.whzl.dao.TokenDao.insert [BaseJdbcLogger.java : 159] ==> Parameters: 1(Long), 7cb0fa2778a94a98b78268d7972d5c10(String), 2019-02-02 04:37:26.829(Timestamp), 2019-02-01 16:37:26.829(Timestamp)
2019-02-01 16:37:26,945 [DEBUG] [http-nio-8080-exec-23] com.whzl.dao.TokenDao.insert [BaseJdbcLogger.java : 159] <==    Updates: 1
2019-02-01 16:37:41,603 [DEBUG] [http-nio-8080-exec-15] com.whzl.dao.UserDao.selectOne [BaseJdbcLogger.java : 159] ==>  Preparing: SELECT user_id AS userId,username,mobile,`password`,create_time AS createTime FROM tb_user WHERE mobile=? 
2019-02-01 16:37:41,603 [DEBUG] [http-nio-8080-exec-15] com.whzl.dao.UserDao.selectOne [BaseJdbcLogger.java : 159] ==> Parameters: 13612345678(String)
2019-02-01 16:37:41,605 [DEBUG] [http-nio-8080-exec-15] com.whzl.dao.UserDao.selectOne [BaseJdbcLogger.java : 159] <==      Total: 1
2019-02-01 16:37:41,606 [DEBUG] [http-nio-8080-exec-15] com.whzl.dao.TokenDao.updateById [BaseJdbcLogger.java : 159] ==>  Preparing: UPDATE tb_token SET token=?, expire_time=?, update_time=? WHERE user_id=? 
2019-02-01 16:37:41,607 [DEBUG] [http-nio-8080-exec-15] com.whzl.dao.TokenDao.updateById [BaseJdbcLogger.java : 159] ==> Parameters: 01cba415489e474dbccea07e760ba2d9(String), 2019-02-02 04:37:41.605(Timestamp), 2019-02-01 16:37:41.605(Timestamp), 1(Long)
2019-02-01 16:37:41,646 [DEBUG] [http-nio-8080-exec-15] com.whzl.dao.TokenDao.updateById [BaseJdbcLogger.java : 159] <==    Updates: 1
2019-02-01 16:37:57,426 [DEBUG] [http-nio-8080-exec-20] com.whzl.dao.UserDao.insert [BaseJdbcLogger.java : 159] ==>  Preparing: INSERT INTO tb_user ( username, mobile, `password`, create_time ) VALUES ( ?, ?, ?, ? ) 
2019-02-01 16:37:57,428 [DEBUG] [http-nio-8080-exec-20] com.whzl.dao.UserDao.insert [BaseJdbcLogger.java : 159] ==> Parameters: 18360740110(String), 18360740110(String), 92925488b28ab12584ac8fcaa8a27a0f497b2c62940c8f4fbc8ef19ebc87c43e(String), 2019-02-01 16:37:57.407(Timestamp)
2019-02-01 16:37:57,430 [DEBUG] [http-nio-8080-exec-20] com.whzl.dao.UserDao.insert [BaseJdbcLogger.java : 159] <==    Updates: 1
2019-02-01 16:38:12,855 [DEBUG] [http-nio-8080-exec-16] com.whzl.dao.UserDao.selectOne [BaseJdbcLogger.java : 159] ==>  Preparing: SELECT user_id AS userId,username,mobile,`password`,create_time AS createTime FROM tb_user WHERE mobile=? 
2019-02-01 16:38:12,856 [DEBUG] [http-nio-8080-exec-16] com.whzl.dao.UserDao.selectOne [BaseJdbcLogger.java : 159] ==> Parameters: 18360740110(String)
2019-02-01 16:38:12,858 [DEBUG] [http-nio-8080-exec-16] com.whzl.dao.UserDao.selectOne [BaseJdbcLogger.java : 159] <==      Total: 1
2019-02-01 16:38:12,859 [DEBUG] [http-nio-8080-exec-16] com.whzl.dao.TokenDao.updateById [BaseJdbcLogger.java : 159] ==>  Preparing: UPDATE tb_token SET token=?, expire_time=?, update_time=? WHERE user_id=? 
2019-02-01 16:38:12,860 [DEBUG] [http-nio-8080-exec-16] com.whzl.dao.TokenDao.updateById [BaseJdbcLogger.java : 159] ==> Parameters: bf566890a6a14a7083955c60305a22c0(String), 2019-02-02 04:38:12.858(Timestamp), 2019-02-01 16:38:12.858(Timestamp), 2(Long)
2019-02-01 16:38:12,861 [DEBUG] [http-nio-8080-exec-16] com.whzl.dao.TokenDao.updateById [BaseJdbcLogger.java : 159] <==    Updates: 0
2019-02-01 16:38:12,862 [DEBUG] [http-nio-8080-exec-16] com.whzl.dao.TokenDao.insert [BaseJdbcLogger.java : 159] ==>  Preparing: INSERT INTO tb_token ( user_id, token, expire_time, update_time ) VALUES ( ?, ?, ?, ? ) 
2019-02-01 16:38:12,862 [DEBUG] [http-nio-8080-exec-16] com.whzl.dao.TokenDao.insert [BaseJdbcLogger.java : 159] ==> Parameters: 2(Long), bf566890a6a14a7083955c60305a22c0(String), 2019-02-02 04:38:12.858(Timestamp), 2019-02-01 16:38:12.858(Timestamp)
2019-02-01 16:38:12,884 [DEBUG] [http-nio-8080-exec-16] com.whzl.dao.TokenDao.insert [BaseJdbcLogger.java : 159] <==    Updates: 1
2019-02-01 16:40:36,470 [DEBUG] [http-nio-8080-exec-17] com.whzl.dao.UserDao.selectOne [BaseJdbcLogger.java : 159] ==>  Preparing: SELECT user_id AS userId,username,mobile,`password`,create_time AS createTime FROM tb_user WHERE mobile=? 
2019-02-01 16:40:36,473 [DEBUG] [http-nio-8080-exec-17] com.whzl.dao.UserDao.selectOne [BaseJdbcLogger.java : 159] ==> Parameters: 18360740110(String)
2019-02-01 16:40:36,477 [DEBUG] [http-nio-8080-exec-17] com.whzl.dao.UserDao.selectOne [BaseJdbcLogger.java : 159] <==      Total: 1
2019-02-01 16:40:36,478 [DEBUG] [http-nio-8080-exec-17] com.whzl.dao.TokenDao.updateById [BaseJdbcLogger.java : 159] ==>  Preparing: UPDATE tb_token SET token=?, expire_time=?, update_time=? WHERE user_id=? 
2019-02-01 16:40:36,478 [DEBUG] [http-nio-8080-exec-17] com.whzl.dao.TokenDao.updateById [BaseJdbcLogger.java : 159] ==> Parameters: a21883a3b47a4336921ada4260b8d881(String), 2019-02-02 04:40:36.477(Timestamp), 2019-02-01 16:40:36.477(Timestamp), 2(Long)
2019-02-01 16:40:36,512 [DEBUG] [http-nio-8080-exec-17] com.whzl.dao.TokenDao.updateById [BaseJdbcLogger.java : 159] <==    Updates: 1
2019-02-01 16:41:22,679 [DEBUG] [http-nio-8080-exec-14] com.whzl.dao.TokenDao.selectList [BaseJdbcLogger.java : 159] ==>  Preparing: SELECT user_id AS userId,token,expire_time AS expireTime,update_time AS updateTime FROM tb_token WHERE (token = ?) 
2019-02-01 16:41:22,681 [DEBUG] [http-nio-8080-exec-14] com.whzl.dao.TokenDao.selectList [BaseJdbcLogger.java : 159] ==> Parameters: a21883a3b47a4336921ada4260b8d881(String)
2019-02-01 16:41:22,683 [DEBUG] [http-nio-8080-exec-14] com.whzl.dao.TokenDao.selectList [BaseJdbcLogger.java : 159] <==      Total: 1
2019-02-01 16:41:22,685 [DEBUG] [http-nio-8080-exec-14] com.whzl.dao.UserDao.selectById [BaseJdbcLogger.java : 159] ==>  Preparing: SELECT user_id AS userId,username,mobile,`password`,create_time AS createTime FROM tb_user WHERE user_id=? 
2019-02-01 16:41:22,686 [DEBUG] [http-nio-8080-exec-14] com.whzl.dao.UserDao.selectById [BaseJdbcLogger.java : 159] ==> Parameters: 2(Long)
2019-02-01 16:41:22,689 [DEBUG] [http-nio-8080-exec-14] com.whzl.dao.UserDao.selectById [BaseJdbcLogger.java : 159] <==      Total: 1
